i:\openau\openau\openau\x64\release\moc_oau.obj
i:\openau\openau\openau\x64\release\main.obj
i:\openau\openau\openau\x64\release\oau.obj
i:\openau\openau\openau\x64\release\vc141.pdb
i:\openau\openau\openau\release\moc_predefs.h
i:\openau\openau\x64\release\openau.exe
i:\openau\openau\openau\generatedfiles\release\moc_oau.cpp
i:\openau\openau\openau\generatedfiles\ui_oau.h
i:\openau\openau\x64\release\openau.ipdb
i:\openau\openau\x64\release\openau.iobj
i:\openau\openau\openau\x64\release\openau.tlog\cl.command.1.tlog
i:\openau\openau\openau\x64\release\openau.tlog\cl.read.1.tlog
i:\openau\openau\openau\x64\release\openau.tlog\cl.write.1.tlog
i:\openau\openau\openau\x64\release\openau.tlog\custombuild.command.1.tlog
i:\openau\openau\openau\x64\release\openau.tlog\custombuild.read.1.tlog
i:\openau\openau\openau\x64\release\openau.tlog\custombuild.write.1.tlog
i:\openau\openau\openau\x64\release\openau.tlog\link.command.1.tlog
i:\openau\openau\openau\x64\release\openau.tlog\link.read.1.tlog
i:\openau\openau\openau\x64\release\openau.tlog\link.write.1.tlog
i:\openau\openau\openau\x64\release\openau.tlog\openau.write.1u.tlog
