i:\openau\openau\portaudio\build\msvc\x64\release\vc141.pdb
i:\openau\openau\portaudio\build\msvc\x64\release\pa_win_waveformat.obj
i:\openau\openau\portaudio\build\msvc\x64\release\pa_win_util.obj
i:\openau\openau\portaudio\build\msvc\x64\release\pa_win_hostapis.obj
i:\openau\openau\portaudio\build\msvc\x64\release\pa_win_coinitialize.obj
i:\openau\openau\portaudio\build\msvc\x64\release\pa_win_wmme.obj
i:\openau\openau\portaudio\build\msvc\x64\release\pa_win_wdmks.obj
i:\openau\openau\portaudio\build\msvc\x64\release\pa_win_wasapi.obj
i:\openau\openau\portaudio\build\msvc\x64\release\pa_hostapi_skeleton.obj
i:\openau\openau\portaudio\build\msvc\x64\release\pa_win_ds_dynlink.obj
i:\openau\openau\portaudio\build\msvc\x64\release\pa_win_ds.obj
i:\openau\openau\portaudio\build\msvc\x64\release\pa_trace.obj
i:\openau\openau\portaudio\build\msvc\x64\release\pa_stream.obj
i:\openau\openau\portaudio\build\msvc\x64\release\pa_ringbuffer.obj
i:\openau\openau\portaudio\build\msvc\x64\release\pa_process.obj
i:\openau\openau\portaudio\build\msvc\x64\release\pa_front.obj
i:\openau\openau\portaudio\build\msvc\x64\release\pa_dither.obj
i:\openau\openau\portaudio\build\msvc\x64\release\pa_debugprint.obj
i:\openau\openau\portaudio\build\msvc\x64\release\pa_cpuload.obj
i:\openau\openau\portaudio\build\msvc\x64\release\pa_converters.obj
i:\openau\openau\portaudio\build\msvc\x64\release\pa_allocation.obj
i:\openau\openau\portaudio\build\msvc\x64\release\pa_x86_plain_converters.obj
i:\openau\openau\portaudio\build\msvc\x64\release\pa_win_wdmks_utils.obj
i:\openau\openau\portaudio\build\msvc\x64\release\pa_asio.obj
i:\openau\openau\portaudio\build\msvc\x64\release\asiolist.obj
i:\openau\openau\portaudio\build\msvc\x64\release\asiodrivers.obj
i:\openau\openau\portaudio\build\msvc\x64\release\asio.obj
i:\openau\openau\portaudio\build\msvc\x64\release\portaudio_x64.dll
i:\openau\openau\portaudio\build\msvc\x64\release\portaudio_x64.pdb
i:\openau\openau\portaudio\build\msvc\x64\release\portaudio_x64.lib
i:\openau\openau\portaudio\build\msvc\x64\release\portaudio_x64.exp
i:\openau\openau\portaudio\build\msvc\x64\release\portaudio.tlog\cl.command.1.tlog
i:\openau\openau\portaudio\build\msvc\x64\release\portaudio.tlog\cl.read.1.tlog
i:\openau\openau\portaudio\build\msvc\x64\release\portaudio.tlog\cl.write.1.tlog
i:\openau\openau\portaudio\build\msvc\x64\release\portaudio.tlog\link.command.1.tlog
i:\openau\openau\portaudio\build\msvc\x64\release\portaudio.tlog\link.read.1.tlog
i:\openau\openau\portaudio\build\msvc\x64\release\portaudio.tlog\link.write.1.tlog
i:\openau\openau\portaudio\build\msvc\x64\release\portaudio.tlog\portaudio.write.1u.tlog
