  pa_x86_plain_converters.c
  pa_win_wdmks_utils.c
  pa_win_waveformat.c
  pa_win_util.c
  pa_win_hostapis.c
  pa_win_coinitialize.c
  pa_win_wmme.c
  pa_win_wdmks.c
  pa_win_wasapi.c
  pa_hostapi_skeleton.c
  pa_win_ds_dynlink.c
  pa_win_ds.c
  pa_trace.c
  pa_stream.c
  pa_ringbuffer.c
  pa_process.c
  pa_front.c
  pa_dither.c
  pa_debugprint.c
  pa_cpuload.c
  Создание кода...
  Компиляция...
  pa_converters.c
  pa_allocation.c
  Создание кода...
  pa_asio.cpp
  asiolist.cpp
  asiodrivers.cpp
  asio.cpp
  Создание кода...
C:\Program Files (x86)\Microsoft Visual Studio\2017\Community\Common7\IDE\VC\VCTargets\Microsoft.CppBuild.targets(1198,5): warning MSB8012: TargetPath(I:\OpenAu\OpenAu\PortAudio\build\msvc\Win32\Debug\PortAudio.dll) не соответствует значению свойства выходного файла (I:\OpenAu\OpenAu\PortAudio\build\msvc\Win32\Debug\portaudio_x86.dll) для Linker. Это может привести к неправильной сборке проекта. Чтобы исправить это, убедитесь, что значения свойств $(OutDir), $(TargetName) и $(TargetExt) соответствуют значению, указанному в %(Link.OutputFile).
C:\Program Files (x86)\Microsoft Visual Studio\2017\Community\Common7\IDE\VC\VCTargets\Microsoft.CppBuild.targets(1200,5): warning MSB8012: TargetName(PortAudio) не соответствует значению свойства выходного файла (portaudio_x86) для Linker. Это может привести к неправильной сборке проекта. Чтобы исправить это, убедитесь, что значения свойств $(OutDir), $(TargetName) и $(TargetExt) соответствуют значению, указанному в %(Link.OutputFile).
pa_allocation.obj : warning LNK4075: не учитывается "/EDITANDCONTINUE" из-за спецификации "/SAFESEH"
     Создается библиотека Win32\Debug\portaudio_x86.lib и объект Win32\Debug\portaudio_x86.exp
  PortAudio.vcxproj -> I:\OpenAu\OpenAu\PortAudio\build\msvc\Win32\Debug\PortAudio.dll
