  pa_x86_plain_converters.c
  pa_win_wdmks_utils.c
  pa_win_waveformat.c
  pa_win_util.c
  pa_win_hostapis.c
  pa_win_coinitialize.c
  pa_win_wmme.c
..\..\src\hostapi\wmme\pa_win_wmme.c(676): warning C4312: приведение типов: преобразование из "int" в "HWAVEIN" большего размера
..\..\src\hostapi\wmme\pa_win_wmme.c(685): warning C4312: приведение типов: преобразование из "int" в "HWAVEIN" большего размера
..\..\src\hostapi\wmme\pa_win_wmme.c(806): warning C4312: приведение типов: преобразование из "int" в "HWAVEOUT" большего размера
..\..\src\hostapi\wmme\pa_win_wmme.c(815): warning C4312: приведение типов: преобразование из "int" в "HWAVEOUT" большего размера
..\..\src\hostapi\wmme\pa_win_wmme.c(1020): warning C4312: приведение типов: преобразование из "UINT" в "HWAVEIN" большего размера
..\..\src\hostapi\wmme\pa_win_wmme.c(1024): warning C4312: приведение типов: преобразование из "UINT" в "HWAVEOUT" большего размера
  pa_win_wdmks.c
  pa_win_wasapi.c
  pa_hostapi_skeleton.c
  pa_win_ds_dynlink.c
  pa_win_ds.c
  pa_trace.c
  pa_stream.c
  pa_ringbuffer.c
  pa_process.c
  pa_front.c
  pa_dither.c
  pa_debugprint.c
  pa_cpuload.c
  Создание кода...
  Компиляция...
  pa_converters.c
  pa_allocation.c
  Создание кода...
  pa_asio.cpp
  asiolist.cpp
..\..\src\hostapi\asio\ASIOSDK\host\pc\asiolist.cpp(24): warning C4267: аргумент: преобразование из "size_t" в "DWORD"; возможна потеря данных
..\..\src\hostapi\asio\ASIOSDK\host\pc\asiolist.cpp(31): warning C4267: аргумент: преобразование из "size_t" в "DWORD"; возможна потеря данных
  asiodrivers.cpp
  asio.cpp
  Создание кода...
C:\Program Files (x86)\Microsoft Visual Studio\2017\Community\Common7\IDE\VC\VCTargets\Microsoft.CppBuild.targets(1198,5): warning MSB8012: TargetPath(I:\OAU\PortAudio\build\msvc\x64\Debug\PortAudio.dll) не соответствует значению свойства выходного файла (I:\OAU\PortAudio\build\msvc\x64\Debug\portaudio_x64.dll) для Linker. Это может привести к неправильной сборке проекта. Чтобы исправить это, убедитесь, что значения свойств $(OutDir), $(TargetName) и $(TargetExt) соответствуют значению, указанному в %(Link.OutputFile).
C:\Program Files (x86)\Microsoft Visual Studio\2017\Community\Common7\IDE\VC\VCTargets\Microsoft.CppBuild.targets(1200,5): warning MSB8012: TargetName(PortAudio) не соответствует значению свойства выходного файла (portaudio_x64) для Linker. Это может привести к неправильной сборке проекта. Чтобы исправить это, убедитесь, что значения свойств $(OutDir), $(TargetName) и $(TargetExt) соответствуют значению, указанному в %(Link.OutputFile).
     Создается библиотека x64\Debug\portaudio_x64.lib и объект x64\Debug\portaudio_x64.exp
  PortAudio.vcxproj -> I:\OAU\PortAudio\build\msvc\x64\Debug\PortAudio.dll
