i:\openau\openau\x64\debug\auengine.lib
i:\openau\openau\x64\debug\auengine.exp
i:\oau\x64\debug\auengine.lib
i:\oau\x64\debug\auengine.exp
i:\openau\openau\auengine\x64\debug\vc141.pdb
i:\openau\openau\auengine\x64\debug\vc141.idb
i:\openau\openau\auengine\x64\debug\auengine.obj
i:\openau\openau\auengine\x64\debug\dllmain.obj
i:\oau\auengine\x64\debug\vc141.pdb
i:\oau\auengine\x64\debug\vc141.idb
i:\oau\auengine\x64\debug\auengine.obj
i:\oau\auengine\x64\debug\dllmain.obj
i:\oau\auengine\x64\debug\auenginefft.obj
i:\oau\auengine\x64\debug\auenginemath.obj
i:\oau\auengine\x64\debug\auenginevu.obj
i:\openau\openau\x64\debug\auengine.dll
i:\openau\openau\x64\debug\auengine.ilk
i:\openau\openau\x64\debug\auengine.pdb
i:\oau\x64\debug\auengine.dll
i:\oau\x64\debug\auengine.ilk
i:\oau\x64\debug\auengine.pdb
i:\oau\auengine\x64\debug\auengine.tlog\auengine.write.1u.tlog
i:\oau\auengine\x64\debug\auengine.tlog\cl.command.1.tlog
i:\oau\auengine\x64\debug\auengine.tlog\cl.read.1.tlog
i:\oau\auengine\x64\debug\auengine.tlog\cl.write.1.tlog
i:\oau\auengine\x64\debug\auengine.tlog\link.11304.delete.1.tlog
i:\oau\auengine\x64\debug\auengine.tlog\link.12068.read.1.tlog
i:\oau\auengine\x64\debug\auengine.tlog\link.12068.write.1.tlog
i:\oau\auengine\x64\debug\auengine.tlog\link.15812.delete.1.tlog
i:\oau\auengine\x64\debug\auengine.tlog\link.8804.delete.1.tlog
i:\oau\auengine\x64\debug\auengine.tlog\link.command.1.tlog
i:\oau\auengine\x64\debug\auengine.tlog\link.read.1.tlog
i:\oau\auengine\x64\debug\auengine.tlog\link.write.1.tlog
